<?xml version="1.0" encoding="UTF-8"?>
<!-- Generated by org.testng.xml.reporters.JUnitReportReporter -->
<testsuite skipped="0" hostname="hangover-pc" name="Login.CreateAccount" tests="1" failures="0" timestamp="2019-11-24T16:58:13 EET" time="4.143" errors="0">
  <testcase name="CreatAccount" time="4.143" classname="Login.CreateAccount"/>
</testsuite> <!-- Login.CreateAccPage -->
