<?xml version="1.0" encoding="UTF-8"?>
<!-- Generated by org.testng.xml.reporters.JUnitReportReporter -->
<testsuite skipped="0" hostname="hangover-pc" name="Search.Search" tests="2" failures="0" timestamp="2019-12-01T00:04:23 EET" time="8.813" errors="0">
  <testcase name="CreatAccount" time="6.421" classname="Search.Search"/>
  <testcase name="Srh" time="2.392" classname="Search.Search"/>
</testsuite> <!-- SearchPage.SearchPage -->
